21:27:34,892 INFO  [org.jboss.modules] (main) JBoss Modules version 1.3.6.Final-redhat-1
21:27:50,870 INFO  [org.jboss.modules] (main) JBoss Modules version 1.3.6.Final-redhat-1
21:28:01,185 INFO  [org.jboss.msc] (main) JBoss MSC version 1.1.5.Final-redhat-1
21:28:01,314 INFO  [org.jboss.as] (MSC service thread 1-6) JBAS015899: JBoss EAP 6.4.0.GA (AS 7.5.0.Final-redhat-21) starting
21:28:01,326 DEBUG [org.jboss.as.config] (MSC service thread 1-6) Configured system properties:
	awt.toolkit = sun.lwawt.macosx.LWCToolkit
	file.encoding = UTF-8
	file.encoding.pkg = sun.io
	file.separator = /
	ftp.nonProxyHosts = local|*.local|169.254/16|*.169.254/16
	gopherProxySet = false
	http.nonProxyHosts = local|*.local|169.254/16|*.169.254/16
	java.awt.graphicsenv = sun.awt.CGraphicsEnvironment
	java.awt.headless = true
	java.awt.printerjob = sun.lwawt.macosx.CPrinterJob
	java.class.path = /Users/Admin/Documents/Enterprise Software/Program/jboss-eap-6.4.0/jboss-modules.jar
	java.class.version = 52.0
	java.endorsed.dirs = /Library/Java/JavaVirtualMachines/jdk1.8.0_144.jdk/Contents/Home/jre/lib/endorsed
	java.ext.dirs = /Users/Admin/Library/Java/Extensions:/Library/Java/JavaVirtualMachines/jdk1.8.0_144.jdk/Contents/Home/jre/lib/ext:/Library/Java/Extensions:/Network/Library/Java/Extensions:/System/Library/Java/Extensions:/usr/lib/java
	java.home = /Library/Java/JavaVirtualMachines/jdk1.8.0_144.jdk/Contents/Home/jre
	java.io.tmpdir = /var/folders/d4/3zylg15d3hd3vmwb13ynbxbm0000gn/T/
	java.library.path = /Users/Admin/Library/Java/Extensions:/Library/Java/Extensions:/Network/Library/Java/Extensions:/System/Library/Java/Extensions:/usr/lib/java:.
	java.net.preferIPv4Stack = true
	java.runtime.name = Java(TM) SE Runtime Environment
	java.runtime.version = 1.8.0_144-b01
	java.specification.name = Java Platform API Specification
	java.specification.vendor = Oracle Corporation
	java.specification.version = 1.8
	java.util.logging.manager = org.jboss.logmanager.LogManager
	java.vendor = Oracle Corporation
	java.vendor.url = http://java.oracle.com/
	java.vendor.url.bug = http://bugreport.sun.com/bugreport/
	java.version = 1.8.0_144
	java.vm.info = mixed mode
	java.vm.name = Java HotSpot(TM) 64-Bit Server VM
	java.vm.specification.name = Java Virtual Machine Specification
	java.vm.specification.vendor = Oracle Corporation
	java.vm.specification.version = 1.8
	java.vm.vendor = Oracle Corporation
	java.vm.version = 25.144-b01
	javax.management.builder.initial = org.jboss.as.jmx.PluggableMBeanServerBuilder
	javax.xml.datatype.DatatypeFactory = __redirected.__DatatypeFactory
	javax.xml.parsers.DocumentBuilderFactory = __redirected.__DocumentBuilderFactory
	javax.xml.parsers.SAXParserFactory = __redirected.__SAXParserFactory
	javax.xml.stream.XMLEventFactory = __redirected.__XMLEventFactory
	javax.xml.stream.XMLInputFactory = __redirected.__XMLInputFactory
	javax.xml.stream.XMLOutputFactory = __redirected.__XMLOutputFactory
	javax.xml.transform.TransformerFactory = __redirected.__TransformerFactory
	javax.xml.validation.SchemaFactory:http://www.w3.org/2001/XMLSchema = __redirected.__SchemaFactory
	javax.xml.xpath.XPathFactory:http://java.sun.com/jaxp/xpath/dom = __redirected.__XPathFactory
	jboss.bind.address = localhost
	jboss.bind.address.management = localhost
	jboss.home.dir = /Users/Admin/Documents/Enterprise Software/Program/jboss-eap-6.4.0
	jboss.host.name = apple-macintosh
	jboss.modules.dir = /Users/Admin/Documents/Enterprise Software/Program/jboss-eap-6.4.0/modules
	jboss.modules.system.pkgs = org.jboss.byteman
	jboss.node.name = apple-macintosh
	jboss.qualified.host.name = apple-macintosh.local
	jboss.server.base.dir = /Users/Admin/Documents/Enterprise Software/Program/jboss-eap-6.4.0/standalone
	jboss.server.config.dir = /Users/Admin/Documents/Enterprise Software/Program/jboss-eap-6.4.0/standalone/configuration
	jboss.server.data.dir = /Users/Admin/Documents/Enterprise Software/Program/jboss-eap-6.4.0/standalone/data
	jboss.server.deploy.dir = /Users/Admin/Documents/Enterprise Software/Program/jboss-eap-6.4.0/standalone/data/content
	jboss.server.log.dir = /Users/Admin/Documents/Enterprise Software/Program/jboss-eap-6.4.0/standalone/log
	jboss.server.name = apple-macintosh
	jboss.server.persist.config = true
	jboss.server.temp.dir = /Users/Admin/Documents/Enterprise Software/Program/jboss-eap-6.4.0/standalone/tmp
	line.separator = 

	logging.configuration = file:/Users/Admin/Documents/Enterprise Software/Program/jboss-eap-6.4.0/standalone/configuration/logging.properties
	module.path = /Users/Admin/Documents/Enterprise Software/Program/jboss-eap-6.4.0/modules
	org.jboss.boot.log.file = /Users/Admin/Documents/Enterprise Software/Program/jboss-eap-6.4.0/standalone/log/boot.log
	org.jboss.logmanager.nocolor = true
	org.jboss.resolver.warning = true
	org.xml.sax.driver = __redirected.__XMLReaderFactory
	os.arch = x86_64
	os.name = Mac OS X
	os.version = 10.12.6
	path.separator = :
	program.name = JBossTools: Red Hat JBoss EAP 6.1+
	socksNonProxyHosts = local|*.local|169.254/16|*.169.254/16
	sun.arch.data.model = 64
	sun.boot.class.path = /Library/Java/JavaVirtualMachines/jdk1.8.0_144.jdk/Contents/Home/jre/lib/resources.jar:/Library/Java/JavaVirtualMachines/jdk1.8.0_144.jdk/Contents/Home/jre/lib/rt.jar:/Library/Java/JavaVirtualMachines/jdk1.8.0_144.jdk/Contents/Home/jre/lib/sunrsasign.jar:/Library/Java/JavaVirtualMachines/jdk1.8.0_144.jdk/Contents/Home/jre/lib/jsse.jar:/Library/Java/JavaVirtualMachines/jdk1.8.0_144.jdk/Contents/Home/jre/lib/jce.jar:/Library/Java/JavaVirtualMachines/jdk1.8.0_144.jdk/Contents/Home/jre/lib/charsets.jar:/Library/Java/JavaVirtualMachines/jdk1.8.0_144.jdk/Contents/Home/jre/lib/jfr.jar:/Library/Java/JavaVirtualMachines/jdk1.8.0_144.jdk/Contents/Home/jre/classes
	sun.boot.library.path = /Library/Java/JavaVirtualMachines/jdk1.8.0_144.jdk/Contents/Home/jre/lib
	sun.cpu.endian = little
	sun.cpu.isalist = 
	sun.io.unicode.encoding = UnicodeBig
	sun.java.command = org.jboss.modules.Main -mp /Users/Admin/Documents/Enterprise Software/Program/jboss-eap-6.4.0/modules -jaxpmodule javax.xml.jaxp-provider -jaxpmodule javax.xml.jaxp-provider org.jboss.as.standalone -b localhost --server-config=standalone.xml -Djboss.server.base.dir=/Users/Admin/Documents/Enterprise Software/Program/jboss-eap-6.4.0/standalone
	sun.java.launcher = SUN_STANDARD
	sun.jnu.encoding = UTF-8
	sun.management.compiler = HotSpot 64-Bit Tiered Compilers
	sun.os.patch.level = unknown
	sun.rmi.dgc.client.gcInterval = 3600000
	sun.rmi.dgc.server.gcInterval = 3600000
	user.country = US
	user.country.format = TH
	user.dir = /Users/Admin/Documents/Enterprise Software/Program/jboss-eap-6.4.0/bin
	user.home = /Users/Admin
	user.language = en
	user.name = Toey
	user.timezone = Asia/Bangkok
21:28:01,328 DEBUG [org.jboss.as.config] (MSC service thread 1-6) VM Arguments: -Dprogram.name=JBossTools: Red Hat JBoss EAP 6.1+ -Xms1024m -Xmx1024m -XX:MaxPermSize=256m -Dorg.jboss.resolver.warning=true -Djava.net.preferIPv4Stack=true -Dsun.rmi.dgc.client.gcInterval=3600000 -Dsun.rmi.dgc.server.gcInterval=3600000 -Djboss.modules.system.pkgs=org.jboss.byteman -Djava.awt.headless=true -Dorg.jboss.boot.log.file=/Users/Admin/Documents/Enterprise Software/Program/jboss-eap-6.4.0/standalone/log/boot.log -Dlogging.configuration=file:/Users/Admin/Documents/Enterprise Software/Program/jboss-eap-6.4.0/standalone/configuration/logging.properties -Djboss.home.dir=/Users/Admin/Documents/Enterprise Software/Program/jboss-eap-6.4.0 -Dorg.jboss.logmanager.nocolor=true -Djboss.bind.address.management=localhost -Dfile.encoding=UTF-8 
21:28:03,340 INFO  [org.jboss.as.server.deployment.scanner] (DeploymentScanner-threads - 1) JBAS015003: Found HelloServer1.jar in deployment directory. To trigger deployment create a file called HelloServer1.jar.dodeploy
21:28:03,392 INFO  [org.xnio] (MSC service thread 1-4) XNIO Version 3.0.13.GA-redhat-1
21:28:03,403 INFO  [org.jboss.as.server] (Controller Boot Thread) JBAS015888: Creating http management service using socket-binding (management-http)
21:28:03,410 INFO  [org.xnio.nio] (MSC service thread 1-4) XNIO NIO Implementation Version 3.0.13.GA-redhat-1
21:28:03,477 INFO  [org.jboss.remoting] (MSC service thread 1-4) JBoss Remoting version 3.3.4.Final-redhat-1
